

Microchip MPLAB XC8 Assembler V2.40 build 20220703182018 
                                                                                               Mon Aug 07 13:56:01 2023

Microchip MPLAB XC8 C Compiler v2.40 (Free license) build 20220703182018 Og1 
     1                           	processor	16F887
     2                           	pagewidth 120
     3                           	opt	flic
     4                           	psect	cinit,global,class=CODE,merge=1,delta=2
     5                           	psect	bssCOMMON,global,class=COMMON,space=1,delta=1,noexec
     6                           	psect	cstackCOMMON,global,class=COMMON,space=1,delta=1,noexec
     7                           	psect	cstackBANK0,global,class=BANK0,space=1,delta=1,noexec
     8                           	psect	maintext,global,class=CODE,split=1,delta=2
     9                           	psect	text1,local,class=CODE,merge=1,delta=2
    10                           	psect	text2,local,class=CODE,merge=1,delta=2
    11                           	psect	text3,local,class=CODE,merge=1,delta=2
    12                           	psect	text4,local,class=CODE,merge=1,delta=2
    13                           	psect	text5,local,class=CODE,merge=1,delta=2
    14                           	psect	intentry,global,class=CODE,delta=2
    15                           	psect	idloc,global,abs,ovrld,class=IDLOC,space=5,delta=2,noexec
    16                           	psect	config,global,abs,ovrld,class=CONFIG,space=4,delta=2,noexec
    17                           	dabs	1,0x7E,2
    18     0000                     
    19                           ; Version 2.40
    20                           ; Generated 04/07/2022 GMT
    21                           ; 
    22                           ; Copyright © 2022, Microchip Technology Inc. and its subsidiaries ("Microchip")
    23                           ; All rights reserved.
    24                           ; 
    25                           ; This software is developed by Microchip Technology Inc. and its subsidiaries ("Microch
      +                          ip").
    26                           ; 
    27                           ; Redistribution and use in source and binary forms, with or without modification, are
    28                           ; permitted provided that the following conditions are met:
    29                           ; 
    30                           ;     1. Redistributions of source code must retain the above copyright notice, this lis
      +                          t of
    31                           ;        conditions and the following disclaimer.
    32                           ; 
    33                           ;     2. Redistributions in binary form must reproduce the above copyright notice, this 
      +                          list
    34                           ;        of conditions and the following disclaimer in the documentation and/or other
    35                           ;        materials provided with the distribution. Publication is not required when
    36                           ;        this file is used in an embedded application.
    37                           ; 
    38                           ;     3. Microchip's name may not be used to endorse or promote products derived from th
      +                          is
    39                           ;        software without specific prior written permission.
    40                           ; 
    41                           ; THIS SOFTWARE IS PROVIDED BY MICROCHIP "AS IS" AND ANY EXPRESS OR IMPLIED WARRANTIES,
    42                           ; INCLUDING, BUT NOT LIMITED TO, THE IMPLIED WARRANTIES OF MERCHANTABILITY AND FITNESS F
      +                          OR
    43                           ; PURPOSE ARE DISCLAIMED.  IN NO EVENT SHALL MICROCHIP BE LIABLE FOR ANY DIRECT, INDIREC
      +                          T,
    44                           ; INCIDENTAL, SPECIAL, EXEMPLARY, OR CONSEQUENTIAL DAMAGES (INCLUDING BUT NOT LIMITED TO
    45                           ; PROCUREMENT OF SUBSTITUTE GOODS OR SERVICES; LOSS OF USE, DATA OR PROFITS; OR BUSINESS
    46                           ; INTERRUPTION) HOWSOEVER CAUSED AND ON ANY THEORY OF LIABILITY, WHETHER IN CONTRACT, ST
      +                          RICT
    47                           ; LIABILITY, OR TORT (INCLUDING NEGLIGENCE OR OTHERWISE) ARISING IN ANY WAY OUT OF THE U
      +                          SE OF
    48                           ; THIS SOFTWARE, EVEN IF ADVISED OF THE POSSIBILITY OF SUCH DAMAGE.
    49                           ; 
    50                           ; 
    51                           ; Code-generator required, PIC16F887 Definitions
    52                           ; 
    53                           ; SFR Addresses
    54     0000                     	;# 
    55     0001                     	;# 
    56     0002                     	;# 
    57     0003                     	;# 
    58     0004                     	;# 
    59     0005                     	;# 
    60     0006                     	;# 
    61     0007                     	;# 
    62     0008                     	;# 
    63     0009                     	;# 
    64     000A                     	;# 
    65     000B                     	;# 
    66     000C                     	;# 
    67     000D                     	;# 
    68     000E                     	;# 
    69     000E                     	;# 
    70     000F                     	;# 
    71     0010                     	;# 
    72     0011                     	;# 
    73     0012                     	;# 
    74     0013                     	;# 
    75     0014                     	;# 
    76     0015                     	;# 
    77     0015                     	;# 
    78     0016                     	;# 
    79     0017                     	;# 
    80     0018                     	;# 
    81     0019                     	;# 
    82     001A                     	;# 
    83     001B                     	;# 
    84     001B                     	;# 
    85     001C                     	;# 
    86     001D                     	;# 
    87     001E                     	;# 
    88     001F                     	;# 
    89     0081                     	;# 
    90     0085                     	;# 
    91     0086                     	;# 
    92     0087                     	;# 
    93     0088                     	;# 
    94     0089                     	;# 
    95     008C                     	;# 
    96     008D                     	;# 
    97     008E                     	;# 
    98     008F                     	;# 
    99     0090                     	;# 
   100     0091                     	;# 
   101     0092                     	;# 
   102     0093                     	;# 
   103     0093                     	;# 
   104     0093                     	;# 
   105     0094                     	;# 
   106     0095                     	;# 
   107     0096                     	;# 
   108     0097                     	;# 
   109     0098                     	;# 
   110     0099                     	;# 
   111     009A                     	;# 
   112     009B                     	;# 
   113     009C                     	;# 
   114     009D                     	;# 
   115     009E                     	;# 
   116     009F                     	;# 
   117     0105                     	;# 
   118     0107                     	;# 
   119     0108                     	;# 
   120     0109                     	;# 
   121     010C                     	;# 
   122     010C                     	;# 
   123     010D                     	;# 
   124     010E                     	;# 
   125     010F                     	;# 
   126     0185                     	;# 
   127     0187                     	;# 
   128     0188                     	;# 
   129     0189                     	;# 
   130     018C                     	;# 
   131     018D                     	;# 
   132     0000                     	;# 
   133     0001                     	;# 
   134     0002                     	;# 
   135     0003                     	;# 
   136     0004                     	;# 
   137     0005                     	;# 
   138     0006                     	;# 
   139     0007                     	;# 
   140     0008                     	;# 
   141     0009                     	;# 
   142     000A                     	;# 
   143     000B                     	;# 
   144     000C                     	;# 
   145     000D                     	;# 
   146     000E                     	;# 
   147     000E                     	;# 
   148     000F                     	;# 
   149     0010                     	;# 
   150     0011                     	;# 
   151     0012                     	;# 
   152     0013                     	;# 
   153     0014                     	;# 
   154     0015                     	;# 
   155     0015                     	;# 
   156     0016                     	;# 
   157     0017                     	;# 
   158     0018                     	;# 
   159     0019                     	;# 
   160     001A                     	;# 
   161     001B                     	;# 
   162     001B                     	;# 
   163     001C                     	;# 
   164     001D                     	;# 
   165     001E                     	;# 
   166     001F                     	;# 
   167     0081                     	;# 
   168     0085                     	;# 
   169     0086                     	;# 
   170     0087                     	;# 
   171     0088                     	;# 
   172     0089                     	;# 
   173     008C                     	;# 
   174     008D                     	;# 
   175     008E                     	;# 
   176     008F                     	;# 
   177     0090                     	;# 
   178     0091                     	;# 
   179     0092                     	;# 
   180     0093                     	;# 
   181     0093                     	;# 
   182     0093                     	;# 
   183     0094                     	;# 
   184     0095                     	;# 
   185     0096                     	;# 
   186     0097                     	;# 
   187     0098                     	;# 
   188     0099                     	;# 
   189     009A                     	;# 
   190     009B                     	;# 
   191     009C                     	;# 
   192     009D                     	;# 
   193     009E                     	;# 
   194     009F                     	;# 
   195     0105                     	;# 
   196     0107                     	;# 
   197     0108                     	;# 
   198     0109                     	;# 
   199     010C                     	;# 
   200     010C                     	;# 
   201     010D                     	;# 
   202     010E                     	;# 
   203     010F                     	;# 
   204     0185                     	;# 
   205     0187                     	;# 
   206     0188                     	;# 
   207     0189                     	;# 
   208     018C                     	;# 
   209     018D                     	;# 
   210     0000                     	;# 
   211     0001                     	;# 
   212     0002                     	;# 
   213     0003                     	;# 
   214     0004                     	;# 
   215     0005                     	;# 
   216     0006                     	;# 
   217     0007                     	;# 
   218     0008                     	;# 
   219     0009                     	;# 
   220     000A                     	;# 
   221     000B                     	;# 
   222     000C                     	;# 
   223     000D                     	;# 
   224     000E                     	;# 
   225     000E                     	;# 
   226     000F                     	;# 
   227     0010                     	;# 
   228     0011                     	;# 
   229     0012                     	;# 
   230     0013                     	;# 
   231     0014                     	;# 
   232     0015                     	;# 
   233     0015                     	;# 
   234     0016                     	;# 
   235     0017                     	;# 
   236     0018                     	;# 
   237     0019                     	;# 
   238     001A                     	;# 
   239     001B                     	;# 
   240     001B                     	;# 
   241     001C                     	;# 
   242     001D                     	;# 
   243     001E                     	;# 
   244     001F                     	;# 
   245     0081                     	;# 
   246     0085                     	;# 
   247     0086                     	;# 
   248     0087                     	;# 
   249     0088                     	;# 
   250     0089                     	;# 
   251     008C                     	;# 
   252     008D                     	;# 
   253     008E                     	;# 
   254     008F                     	;# 
   255     0090                     	;# 
   256     0091                     	;# 
   257     0092                     	;# 
   258     0093                     	;# 
   259     0093                     	;# 
   260     0093                     	;# 
   261     0094                     	;# 
   262     0095                     	;# 
   263     0096                     	;# 
   264     0097                     	;# 
   265     0098                     	;# 
   266     0099                     	;# 
   267     009A                     	;# 
   268     009B                     	;# 
   269     009C                     	;# 
   270     009D                     	;# 
   271     009E                     	;# 
   272     009F                     	;# 
   273     0105                     	;# 
   274     0107                     	;# 
   275     0108                     	;# 
   276     0109                     	;# 
   277     010C                     	;# 
   278     010C                     	;# 
   279     010D                     	;# 
   280     010E                     	;# 
   281     010F                     	;# 
   282     0185                     	;# 
   283     0187                     	;# 
   284     0188                     	;# 
   285     0189                     	;# 
   286     018C                     	;# 
   287     018D                     	;# 
   288     0000                     	;# 
   289     0001                     	;# 
   290     0002                     	;# 
   291     0003                     	;# 
   292     0004                     	;# 
   293     0005                     	;# 
   294     0006                     	;# 
   295     0007                     	;# 
   296     0008                     	;# 
   297     0009                     	;# 
   298     000A                     	;# 
   299     000B                     	;# 
   300     000C                     	;# 
   301     000D                     	;# 
   302     000E                     	;# 
   303     000E                     	;# 
   304     000F                     	;# 
   305     0010                     	;# 
   306     0011                     	;# 
   307     0012                     	;# 
   308     0013                     	;# 
   309     0014                     	;# 
   310     0015                     	;# 
   311     0015                     	;# 
   312     0016                     	;# 
   313     0017                     	;# 
   314     0018                     	;# 
   315     0019                     	;# 
   316     001A                     	;# 
   317     001B                     	;# 
   318     001B                     	;# 
   319     001C                     	;# 
   320     001D                     	;# 
   321     001E                     	;# 
   322     001F                     	;# 
   323     0081                     	;# 
   324     0085                     	;# 
   325     0086                     	;# 
   326     0087                     	;# 
   327     0088                     	;# 
   328     0089                     	;# 
   329     008C                     	;# 
   330     008D                     	;# 
   331     008E                     	;# 
   332     008F                     	;# 
   333     0090                     	;# 
   334     0091                     	;# 
   335     0092                     	;# 
   336     0093                     	;# 
   337     0093                     	;# 
   338     0093                     	;# 
   339     0094                     	;# 
   340     0095                     	;# 
   341     0096                     	;# 
   342     0097                     	;# 
   343     0098                     	;# 
   344     0099                     	;# 
   345     009A                     	;# 
   346     009B                     	;# 
   347     009C                     	;# 
   348     009D                     	;# 
   349     009E                     	;# 
   350     009F                     	;# 
   351     0105                     	;# 
   352     0107                     	;# 
   353     0108                     	;# 
   354     0109                     	;# 
   355     010C                     	;# 
   356     010C                     	;# 
   357     010D                     	;# 
   358     010E                     	;# 
   359     010F                     	;# 
   360     0185                     	;# 
   361     0187                     	;# 
   362     0188                     	;# 
   363     0189                     	;# 
   364     018C                     	;# 
   365     018D                     	;# 
   366     001F                     _ADCON0bits	set	31
   367     000B                     _INTCONbits	set	11
   368     0005                     _PORTA	set	5
   369     0008                     _PORTD	set	8
   370     0014                     _SSPCONbits	set	20
   371     001E                     _ADRESH	set	30
   372     0006                     _PORTB	set	6
   373     000C                     _PIR1bits	set	12
   374     0013                     _SSPBUF	set	19
   375     0014                     _SSPCON	set	20
   376     0066                     _ADIF	set	102
   377     0063                     _SSPIF	set	99
   378     005E                     _PEIE	set	94
   379     005F                     _GIE	set	95
   380     009F                     _ADCON1bits	set	159
   381     0089                     _TRISEbits	set	137
   382     0085                     _TRISAbits	set	133
   383     008C                     _PIE1bits	set	140
   384     008F                     _OSCCONbits	set	143
   385     0088                     _TRISD	set	136
   386     0086                     _TRISB	set	134
   387     0085                     _TRISA	set	133
   388     0094                     _SSPSTATbits	set	148
   389     0091                     _SSPCON2bits	set	145
   390     0087                     _TRISCbits	set	135
   391     0094                     _SSPSTAT	set	148
   392     0093                     _SSPADD	set	147
   393     0091                     _SSPCON2	set	145
   394     04A0                     _BF	set	1184
   395     0463                     _SSPIE	set	1123
   396     043C                     _TRISC4	set	1084
   397     043B                     _TRISC3	set	1083
   398     0188                     _ANSELbits	set	392
   399     0189                     _ANSELH	set	393
   400     0188                     _ANSEL	set	392
   401                           
   402                           	psect	cinit
   403     000F                     start_initialization:	
   404                           ; #config settings
   405                           
   406     000F                     __initialization:
   407                           
   408                           ; Clear objects allocated to COMMON
   409     000F  01F7               	clrf	__pbssCOMMON& (0+127)
   410     0010  01F8               	clrf	(__pbssCOMMON+1)& (0+127)
   411     0011                     end_of_initialization:	
   412                           ;End of C runtime variable initialization code
   413                           
   414     0011                     __end_of__initialization:
   415     0011  0183               	clrf	3
   416     0012  120A  118A  2923   	ljmp	_main	;jump to C main() function
   417                           
   418                           	psect	bssCOMMON
   419     0077                     __pbssCOMMON:
   420     0077                     _dato:
   421     0077                     	ds	1
   422     0078                     _z:
   423     0078                     	ds	1
   424                           
   425                           	psect	cstackCOMMON
   426     0070                     __pcstackCOMMON:
   427     0070                     ?_setup:
   428     0070                     ?_I2C_Slave_Init:	
   429                           ; 1 bytes @ 0x0
   430                           
   431     0070                     ?_isr:	
   432                           ; 1 bytes @ 0x0
   433                           
   434     0070                     ??_isr:	
   435                           ; 1 bytes @ 0x0
   436                           
   437     0070                     ?_main:	
   438                           ; 1 bytes @ 0x0
   439                           
   440     0070                     ?_adc_read:	
   441                           ; 1 bytes @ 0x0
   442                           
   443                           
   444                           ; 2 bytes @ 0x0
   445     0070                     	ds	3
   446     0073                     ??_adc_read:
   447     0073                     ??_I2C_Slave_Init:	
   448                           ; 1 bytes @ 0x3
   449                           
   450     0073                     ?_adc_init:	
   451                           ; 1 bytes @ 0x3
   452                           
   453     0073                     I2C_Slave_Init@address:	
   454                           ; 2 bytes @ 0x3
   455                           
   456     0073                     adc_init@channel:	
   457                           ; 1 bytes @ 0x3
   458                           
   459                           
   460                           ; 2 bytes @ 0x3
   461     0073                     	ds	1
   462     0074                     ??_setup:
   463                           
   464                           ; 1 bytes @ 0x4
   465     0074                     	ds	1
   466     0075                     ??_adc_init:
   467                           
   468                           ; 1 bytes @ 0x5
   469     0075                     	ds	2
   470                           
   471                           	psect	cstackBANK0
   472     0020                     __pcstackBANK0:
   473     0020                     ??_main:
   474                           
   475                           ; 1 bytes @ 0x0
   476     0020                     	ds	3
   477                           
   478                           	psect	maintext
   479     0123                     __pmaintext:	
   480 ;;
   481 ;;Main: autosize = 0, tempsize = 3, incstack = 0, save=0
   482 ;;
   483 ;; *************** function _main *****************
   484 ;; Defined at:
   485 ;;		line 93 in file "main.c"
   486 ;; Parameters:    Size  Location     Type
   487 ;;		None
   488 ;; Auto vars:     Size  Location     Type
   489 ;;		None
   490 ;; Return value:  Size  Location     Type
   491 ;;                  1    wreg      void 
   492 ;; Registers used:
   493 ;;		wreg, fsr0l, fsr0h, status,2, status,0, pclath, cstack
   494 ;; Tracked objects:
   495 ;;		On entry : B00/0
   496 ;;		On exit  : 0/0
   497 ;;		Unchanged: 0/0
   498 ;; Data sizes:     COMMON   BANK0   BANK1   BANK3   BANK2
   499 ;;      Params:         0       0       0       0       0
   500 ;;      Locals:         0       0       0       0       0
   501 ;;      Temps:          0       3       0       0       0
   502 ;;      Totals:         0       3       0       0       0
   503 ;;Total ram usage:        3 bytes
   504 ;; Hardware stack levels required when called: 3
   505 ;; This function calls:
   506 ;;		_adc_init
   507 ;;		_adc_read
   508 ;;		_setup
   509 ;; This function is called by:
   510 ;;		Startup code after reset
   511 ;; This function uses a non-reentrant model
   512 ;;
   513                           
   514     0123                     _main:	
   515                           ;psect for function _main
   516                           
   517     0123                     l1062:	
   518                           ;incstack = 0
   519                           ; Regs used in _main: [wreg-fsr0h+status,2+status,0+pclath+cstack]
   520                           
   521                           
   522                           ;main.c: 94:     setup();
   523     0123  120A  118A  2147  120A  118A  	fcall	_setup
   524     0128                     l1064:
   525                           
   526                           ;main.c: 95:     adc_init(0);
   527     0128  3000               	movlw	0
   528     0129  00F3               	movwf	adc_init@channel
   529     012A  00F4               	movwf	adc_init@channel+1
   530     012B  120A  118A  2015  120A  118A  	fcall	_adc_init
   531     0130                     l1066:
   532                           
   533                           ;main.c: 100:         adc_read();
   534     0130  120A  118A  217B  120A  118A  	fcall	_adc_read
   535     0135                     l1068:
   536                           
   537                           ;main.c: 102:        _delay((unsigned long)((500)*(8000000/4000.0)));
   538     0135  3006               	movlw	6
   539     0136  1283               	bcf	3,5	;RP0=0, select bank0
   540     0137  1303               	bcf	3,6	;RP1=0, select bank0
   541     0138  00A2               	movwf	??_main+2
   542     0139  3013               	movlw	19
   543     013A  00A1               	movwf	??_main+1
   544     013B  30AD               	movlw	173
   545     013C  00A0               	movwf	??_main
   546     013D                     u167:
   547     013D  0BA0               	decfsz	??_main,f
   548     013E  293D               	goto	u167
   549     013F  0BA1               	decfsz	??_main+1,f
   550     0140  293D               	goto	u167
   551     0141  0BA2               	decfsz	??_main+2,f
   552     0142  293D               	goto	u167
   553     0143  2930               	goto	l1066
   554     0144  120A  118A  280C   	ljmp	start
   555     0147                     __end_of_main:
   556                           
   557                           	psect	text1
   558     0147                     __ptext1:	
   559 ;; *************** function _setup *****************
   560 ;; Defined at:
   561 ;;		line 109 in file "main.c"
   562 ;; Parameters:    Size  Location     Type
   563 ;;		None
   564 ;; Auto vars:     Size  Location     Type
   565 ;;		None
   566 ;; Return value:  Size  Location     Type
   567 ;;                  1    wreg      void 
   568 ;; Registers used:
   569 ;;		wreg, status,2, status,0, pclath, cstack
   570 ;; Tracked objects:
   571 ;;		On entry : 0/0
   572 ;;		On exit  : 0/0
   573 ;;		Unchanged: 0/0
   574 ;; Data sizes:     COMMON   BANK0   BANK1   BANK3   BANK2
   575 ;;      Params:         0       0       0       0       0
   576 ;;      Locals:         0       0       0       0       0
   577 ;;      Temps:          0       0       0       0       0
   578 ;;      Totals:         0       0       0       0       0
   579 ;;Total ram usage:        0 bytes
   580 ;; Hardware stack levels used: 1
   581 ;; Hardware stack levels required when called: 2
   582 ;; This function calls:
   583 ;;		_I2C_Slave_Init
   584 ;; This function is called by:
   585 ;;		_main
   586 ;; This function uses a non-reentrant model
   587 ;;
   588                           
   589     0147                     _setup:	
   590                           ;psect for function _setup
   591                           
   592     0147                     l796:	
   593                           ;incstack = 0
   594                           ; Regs used in _setup: [wreg+status,2+status,0+pclath+cstack]
   595                           
   596                           
   597                           ;main.c: 110:     ANSEL = 0;
   598     0147  1683               	bsf	3,5	;RP0=1, select bank3
   599     0148  1703               	bsf	3,6	;RP1=1, select bank3
   600     0149  0188               	clrf	8	;volatile
   601                           
   602                           ;main.c: 111:     ANSELH = 0;
   603     014A  0189               	clrf	9	;volatile
   604                           
   605                           ;main.c: 113:     TRISA = 0;
   606     014B  1683               	bsf	3,5	;RP0=1, select bank1
   607     014C  1303               	bcf	3,6	;RP1=0, select bank1
   608     014D  0185               	clrf	5	;volatile
   609                           
   610                           ;main.c: 114:     TRISB = 0;
   611     014E  0186               	clrf	6	;volatile
   612                           
   613                           ;main.c: 115:     TRISD = 0;
   614     014F  0188               	clrf	8	;volatile
   615                           
   616                           ;main.c: 117:     PORTA = 0;
   617     0150  1283               	bcf	3,5	;RP0=0, select bank0
   618     0151  1303               	bcf	3,6	;RP1=0, select bank0
   619     0152  0185               	clrf	5	;volatile
   620                           
   621                           ;main.c: 118:     PORTB = 0;
   622     0153  0186               	clrf	6	;volatile
   623                           
   624                           ;main.c: 119:     PORTD = 0;
   625     0154  0188               	clrf	8	;volatile
   626     0155                     l798:
   627                           
   628                           ;main.c: 121:     OSCCONbits.IRCF = 0b111;
   629     0155  3070               	movlw	112
   630     0156  1683               	bsf	3,5	;RP0=1, select bank1
   631     0157  1303               	bcf	3,6	;RP1=0, select bank1
   632     0158  048F               	iorwf	15,f	;volatile
   633     0159                     l800:
   634                           
   635                           ;main.c: 122:     OSCCONbits.SCS = 1;
   636     0159  140F               	bsf	15,0	;volatile
   637     015A                     l802:
   638                           
   639                           ;main.c: 123:     I2C_Slave_Init(0x50);
   640     015A  3050               	movlw	80
   641     015B  120A  118A  2161  120A  118A  	fcall	_I2C_Slave_Init
   642     0160                     l129:
   643     0160  0008               	return
   644     0161                     __end_of_setup:
   645                           
   646                           	psect	text2
   647     0161                     __ptext2:	
   648 ;; *************** function _I2C_Slave_Init *****************
   649 ;; Defined at:
   650 ;;		line 93 in file "I2C.c"
   651 ;; Parameters:    Size  Location     Type
   652 ;;  address         1    wreg     unsigned char 
   653 ;; Auto vars:     Size  Location     Type
   654 ;;  address         1    3[COMMON] unsigned char 
   655 ;; Return value:  Size  Location     Type
   656 ;;                  1    wreg      void 
   657 ;; Registers used:
   658 ;;		wreg
   659 ;; Tracked objects:
   660 ;;		On entry : 0/0
   661 ;;		On exit  : 0/0
   662 ;;		Unchanged: 0/0
   663 ;; Data sizes:     COMMON   BANK0   BANK1   BANK3   BANK2
   664 ;;      Params:         0       0       0       0       0
   665 ;;      Locals:         1       0       0       0       0
   666 ;;      Temps:          0       0       0       0       0
   667 ;;      Totals:         1       0       0       0       0
   668 ;;Total ram usage:        1 bytes
   669 ;; Hardware stack levels used: 1
   670 ;; Hardware stack levels required when called: 1
   671 ;; This function calls:
   672 ;;		Nothing
   673 ;; This function is called by:
   674 ;;		_setup
   675 ;; This function uses a non-reentrant model
   676 ;;
   677                           
   678     0161                     _I2C_Slave_Init:	
   679                           ;psect for function _I2C_Slave_Init
   680                           
   681                           
   682                           ;incstack = 0
   683                           ; Regs used in _I2C_Slave_Init: [wreg]
   684                           ;I2C_Slave_Init@address stored from wreg
   685     0161  00F3               	movwf	I2C_Slave_Init@address
   686     0162                     l778:
   687                           
   688                           ;I2C.c: 93: void I2C_Slave_Init(uint8_t address);I2C.c: 94: {;I2C.c: 95:     SSPADD = ad
      +                          dress;
   689     0162  0873               	movf	I2C_Slave_Init@address,w
   690     0163  1683               	bsf	3,5	;RP0=1, select bank1
   691     0164  1303               	bcf	3,6	;RP1=0, select bank1
   692     0165  0093               	movwf	19	;volatile
   693                           
   694                           ;I2C.c: 96:     SSPCON = 0x36;
   695     0166  3036               	movlw	54
   696     0167  1283               	bcf	3,5	;RP0=0, select bank0
   697     0168  1303               	bcf	3,6	;RP1=0, select bank0
   698     0169  0094               	movwf	20	;volatile
   699                           
   700                           ;I2C.c: 97:     SSPSTAT = 0x80;
   701     016A  3080               	movlw	128
   702     016B  1683               	bsf	3,5	;RP0=1, select bank1
   703     016C  1303               	bcf	3,6	;RP1=0, select bank1
   704     016D  0094               	movwf	20	;volatile
   705                           
   706                           ;I2C.c: 98:     SSPCON2 = 0x01;
   707     016E  3001               	movlw	1
   708     016F  0091               	movwf	17	;volatile
   709     0170                     l780:
   710                           
   711                           ;I2C.c: 99:     TRISC3 = 1;
   712     0170  1587               	bsf	7,3	;volatile
   713     0171                     l782:
   714                           
   715                           ;I2C.c: 100:     TRISC4 = 1;
   716     0171  1607               	bsf	7,4	;volatile
   717     0172                     l784:
   718                           
   719                           ;I2C.c: 101:     GIE = 1;
   720     0172  178B               	bsf	11,7	;volatile
   721     0173                     l786:
   722                           
   723                           ;I2C.c: 102:     PEIE = 1;
   724     0173  170B               	bsf	11,6	;volatile
   725     0174                     l788:
   726                           
   727                           ;I2C.c: 103:     SSPIF = 0;
   728     0174  1283               	bcf	3,5	;RP0=0, select bank0
   729     0175  1303               	bcf	3,6	;RP1=0, select bank0
   730     0176  118C               	bcf	12,3	;volatile
   731     0177                     l790:
   732                           
   733                           ;I2C.c: 104:     SSPIE = 1;
   734     0177  1683               	bsf	3,5	;RP0=1, select bank1
   735     0178  1303               	bcf	3,6	;RP1=0, select bank1
   736     0179  158C               	bsf	12,3	;volatile
   737     017A                     l55:
   738     017A  0008               	return
   739     017B                     __end_of_I2C_Slave_Init:
   740                           
   741                           	psect	text3
   742     017B                     __ptext3:	
   743 ;; *************** function _adc_read *****************
   744 ;; Defined at:
   745 ;;		line 78 in file "ADC_Library.c"
   746 ;; Parameters:    Size  Location     Type
   747 ;;		None
   748 ;; Auto vars:     Size  Location     Type
   749 ;;		None
   750 ;; Return value:  Size  Location     Type
   751 ;;                  2   79[None  ] int 
   752 ;; Registers used:
   753 ;;		wreg
   754 ;; Tracked objects:
   755 ;;		On entry : 0/0
   756 ;;		On exit  : 0/0
   757 ;;		Unchanged: 0/0
   758 ;; Data sizes:     COMMON   BANK0   BANK1   BANK3   BANK2
   759 ;;      Params:         0       0       0       0       0
   760 ;;      Locals:         0       0       0       0       0
   761 ;;      Temps:          2       0       0       0       0
   762 ;;      Totals:         2       0       0       0       0
   763 ;;Total ram usage:        2 bytes
   764 ;; Hardware stack levels used: 1
   765 ;; Hardware stack levels required when called: 1
   766 ;; This function calls:
   767 ;;		Nothing
   768 ;; This function is called by:
   769 ;;		_main
   770 ;; This function uses a non-reentrant model
   771 ;;
   772                           
   773     017B                     _adc_read:	
   774                           ;psect for function _adc_read
   775                           
   776     017B                     l846:	
   777                           ;incstack = 0
   778                           ; Regs used in _adc_read: [wreg]
   779                           
   780                           
   781                           ;ADC_Library.c: 79:     if (ADCON0bits.GO == 0){
   782     017B  1283               	bcf	3,5	;RP0=0, select bank0
   783     017C  1303               	bcf	3,6	;RP1=0, select bank0
   784     017D  189F               	btfsc	31,1	;volatile
   785     017E  2980               	goto	u31
   786     017F  2981               	goto	u30
   787     0180                     u31:
   788     0180  298B               	goto	l169
   789     0181                     u30:
   790     0181                     l848:
   791                           
   792                           ;ADC_Library.c: 80:         ADCON0bits.GO = 1;
   793     0181  149F               	bsf	31,1	;volatile
   794     0182                     l850:
   795                           
   796                           ;ADC_Library.c: 81:         _delay((unsigned long)((2)*(8000000/4000.0)));
   797     0182  3006               	movlw	6
   798     0183  00F4               	movwf	??_adc_read+1
   799     0184  3030               	movlw	48
   800     0185  00F3               	movwf	??_adc_read
   801     0186                     u177:
   802     0186  0BF3               	decfsz	??_adc_read,f
   803     0187  2986               	goto	u177
   804     0188  0BF4               	decfsz	??_adc_read+1,f
   805     0189  2986               	goto	u177
   806     018A  0000               	nop
   807     018B                     l169:
   808     018B  0008               	return
   809     018C                     __end_of_adc_read:
   810                           
   811                           	psect	text4
   812     0015                     __ptext4:	
   813 ;; *************** function _adc_init *****************
   814 ;; Defined at:
   815 ;;		line 15 in file "ADC_Library.c"
   816 ;; Parameters:    Size  Location     Type
   817 ;;  channel         2    3[COMMON] int 
   818 ;; Auto vars:     Size  Location     Type
   819 ;;		None
   820 ;; Return value:  Size  Location     Type
   821 ;;                  2    3[COMMON] int 
   822 ;; Registers used:
   823 ;;		wreg, fsr0l, fsr0h, status,2, status,0
   824 ;; Tracked objects:
   825 ;;		On entry : 0/0
   826 ;;		On exit  : 0/0
   827 ;;		Unchanged: 0/0
   828 ;; Data sizes:     COMMON   BANK0   BANK1   BANK3   BANK2
   829 ;;      Params:         2       0       0       0       0
   830 ;;      Locals:         0       0       0       0       0
   831 ;;      Temps:          2       0       0       0       0
   832 ;;      Totals:         4       0       0       0       0
   833 ;;Total ram usage:        4 bytes
   834 ;; Hardware stack levels used: 1
   835 ;; Hardware stack levels required when called: 1
   836 ;; This function calls:
   837 ;;		Nothing
   838 ;; This function is called by:
   839 ;;		_main
   840 ;; This function uses a non-reentrant model
   841 ;;
   842                           
   843     0015                     _adc_init:	
   844                           ;psect for function _adc_init
   845                           
   846     0015                     l992:	
   847                           ;incstack = 0
   848                           ; Regs used in _adc_init: [wreg-fsr0h+status,2+status,0]
   849                           
   850                           
   851                           ;ADC_Library.c: 17: PIR1bits.ADIF = 0;
   852     0015  1283               	bcf	3,5	;RP0=0, select bank0
   853     0016  1303               	bcf	3,6	;RP1=0, select bank0
   854     0017  130C               	bcf	12,6	;volatile
   855                           
   856                           ;ADC_Library.c: 18: PIE1bits.ADIE = 1;
   857     0018  1683               	bsf	3,5	;RP0=1, select bank1
   858     0019  1303               	bcf	3,6	;RP1=0, select bank1
   859     001A  170C               	bsf	12,6	;volatile
   860                           
   861                           ;ADC_Library.c: 19: INTCONbits.PEIE = 1;
   862     001B  170B               	bsf	11,6	;volatile
   863                           
   864                           ;ADC_Library.c: 21: switch (channel) {
   865     001C  2887               	goto	l1014
   866     001D                     l155:	
   867                           ;ADC_Library.c: 22:     case 0:
   868                           
   869                           
   870                           ;ADC_Library.c: 23:         ANSELbits.ANS0 = 1;
   871     001D  1683               	bsf	3,5	;RP0=1, select bank3
   872     001E  1703               	bsf	3,6	;RP1=1, select bank3
   873     001F  1408               	bsf	8,0	;volatile
   874                           
   875                           ;ADC_Library.c: 24:         TRISAbits.TRISA0 = 1;
   876     0020  1683               	bsf	3,5	;RP0=1, select bank1
   877     0021  1303               	bcf	3,6	;RP1=0, select bank1
   878     0022  1405               	bsf	5,0	;volatile
   879     0023                     l994:
   880                           
   881                           ;ADC_Library.c: 25:         ADCON0bits.CHS = 0b0000;
   882     0023  30C3               	movlw	-61
   883     0024  1283               	bcf	3,5	;RP0=0, select bank0
   884     0025  1303               	bcf	3,6	;RP1=0, select bank0
   885     0026  059F               	andwf	31,f	;volatile
   886                           
   887                           ;ADC_Library.c: 26:         break;
   888     0027  28A6               	goto	l1016
   889     0028                     l157:	
   890                           ;ADC_Library.c: 27:     case 1:
   891                           
   892                           
   893                           ;ADC_Library.c: 28:         ANSELbits.ANS1 = 1;
   894     0028  1683               	bsf	3,5	;RP0=1, select bank3
   895     0029  1703               	bsf	3,6	;RP1=1, select bank3
   896     002A  1488               	bsf	8,1	;volatile
   897                           
   898                           ;ADC_Library.c: 29:         TRISAbits.TRISA1 = 1;
   899     002B  1683               	bsf	3,5	;RP0=1, select bank1
   900     002C  1303               	bcf	3,6	;RP1=0, select bank1
   901     002D  1485               	bsf	5,1	;volatile
   902     002E                     l996:
   903                           
   904                           ;ADC_Library.c: 30:         ADCON0bits.CHS = 0b0001;
   905     002E  1283               	bcf	3,5	;RP0=0, select bank0
   906     002F  1303               	bcf	3,6	;RP1=0, select bank0
   907     0030  081F               	movf	31,w	;volatile
   908     0031  39C3               	andlw	-61
   909     0032  3804               	iorlw	4
   910     0033  009F               	movwf	31	;volatile
   911                           
   912                           ;ADC_Library.c: 31:         break;
   913     0034  28A6               	goto	l1016
   914     0035                     l158:	
   915                           ;ADC_Library.c: 32:     case 2:
   916                           
   917                           
   918                           ;ADC_Library.c: 33:         ANSELbits.ANS2 = 1;
   919     0035  1683               	bsf	3,5	;RP0=1, select bank3
   920     0036  1703               	bsf	3,6	;RP1=1, select bank3
   921     0037  1508               	bsf	8,2	;volatile
   922                           
   923                           ;ADC_Library.c: 34:         TRISAbits.TRISA2 = 1;
   924     0038  1683               	bsf	3,5	;RP0=1, select bank1
   925     0039  1303               	bcf	3,6	;RP1=0, select bank1
   926     003A  1505               	bsf	5,2	;volatile
   927     003B                     l998:
   928                           
   929                           ;ADC_Library.c: 35:         ADCON0bits.CHS = 0b0010;
   930     003B  1283               	bcf	3,5	;RP0=0, select bank0
   931     003C  1303               	bcf	3,6	;RP1=0, select bank0
   932     003D  081F               	movf	31,w	;volatile
   933     003E  39C3               	andlw	-61
   934     003F  3808               	iorlw	8
   935     0040  009F               	movwf	31	;volatile
   936                           
   937                           ;ADC_Library.c: 36:         break;
   938     0041  28A6               	goto	l1016
   939     0042                     l159:	
   940                           ;ADC_Library.c: 37:     case 3:
   941                           
   942                           
   943                           ;ADC_Library.c: 38:         ANSELbits.ANS3 = 1;
   944     0042  1683               	bsf	3,5	;RP0=1, select bank3
   945     0043  1703               	bsf	3,6	;RP1=1, select bank3
   946     0044  1588               	bsf	8,3	;volatile
   947                           
   948                           ;ADC_Library.c: 39:         TRISAbits.TRISA3 = 1;
   949     0045  1683               	bsf	3,5	;RP0=1, select bank1
   950     0046  1303               	bcf	3,6	;RP1=0, select bank1
   951     0047  1585               	bsf	5,3	;volatile
   952     0048                     l1000:
   953                           
   954                           ;ADC_Library.c: 40:         ADCON0bits.CHS = 0b0011;
   955     0048  1283               	bcf	3,5	;RP0=0, select bank0
   956     0049  1303               	bcf	3,6	;RP1=0, select bank0
   957     004A  081F               	movf	31,w	;volatile
   958     004B  39C3               	andlw	-61
   959     004C  380C               	iorlw	12
   960     004D  009F               	movwf	31	;volatile
   961                           
   962                           ;ADC_Library.c: 41:         break;
   963     004E  28A6               	goto	l1016
   964     004F                     l160:	
   965                           ;ADC_Library.c: 42:     case 4:
   966                           
   967                           
   968                           ;ADC_Library.c: 43:         ANSELbits.ANS4 = 1;
   969     004F  1683               	bsf	3,5	;RP0=1, select bank3
   970     0050  1703               	bsf	3,6	;RP1=1, select bank3
   971     0051  1608               	bsf	8,4	;volatile
   972                           
   973                           ;ADC_Library.c: 44:         TRISAbits.TRISA5 = 1;
   974     0052  1683               	bsf	3,5	;RP0=1, select bank1
   975     0053  1303               	bcf	3,6	;RP1=0, select bank1
   976     0054  1685               	bsf	5,5	;volatile
   977     0055                     l1002:
   978                           
   979                           ;ADC_Library.c: 45:         ADCON0bits.CHS = 0b0100;
   980     0055  1283               	bcf	3,5	;RP0=0, select bank0
   981     0056  1303               	bcf	3,6	;RP1=0, select bank0
   982     0057  081F               	movf	31,w	;volatile
   983     0058  39C3               	andlw	-61
   984     0059  3810               	iorlw	16
   985     005A  009F               	movwf	31	;volatile
   986                           
   987                           ;ADC_Library.c: 46:         break;
   988     005B  28A6               	goto	l1016
   989     005C                     l161:	
   990                           ;ADC_Library.c: 47:     case 5:
   991                           
   992                           
   993                           ;ADC_Library.c: 48:         ANSELbits.ANS5 = 1;
   994     005C  1683               	bsf	3,5	;RP0=1, select bank3
   995     005D  1703               	bsf	3,6	;RP1=1, select bank3
   996     005E  1688               	bsf	8,5	;volatile
   997                           
   998                           ;ADC_Library.c: 49:         TRISEbits.TRISE0 = 1;
   999     005F  1683               	bsf	3,5	;RP0=1, select bank1
  1000     0060  1303               	bcf	3,6	;RP1=0, select bank1
  1001     0061  1409               	bsf	9,0	;volatile
  1002     0062                     l1004:
  1003                           
  1004                           ;ADC_Library.c: 50:         ADCON0bits.CHS = 0b0101;
  1005     0062  1283               	bcf	3,5	;RP0=0, select bank0
  1006     0063  1303               	bcf	3,6	;RP1=0, select bank0
  1007     0064  081F               	movf	31,w	;volatile
  1008     0065  39C3               	andlw	-61
  1009     0066  3814               	iorlw	20
  1010     0067  009F               	movwf	31	;volatile
  1011                           
  1012                           ;ADC_Library.c: 51:         break;
  1013     0068  28A6               	goto	l1016
  1014     0069                     l162:	
  1015                           ;ADC_Library.c: 52:     case 6:
  1016                           
  1017                           
  1018                           ;ADC_Library.c: 53:         ANSELbits.ANS6 = 1;
  1019     0069  1683               	bsf	3,5	;RP0=1, select bank3
  1020     006A  1703               	bsf	3,6	;RP1=1, select bank3
  1021     006B  1708               	bsf	8,6	;volatile
  1022                           
  1023                           ;ADC_Library.c: 54:         TRISEbits.TRISE1 = 1;
  1024     006C  1683               	bsf	3,5	;RP0=1, select bank1
  1025     006D  1303               	bcf	3,6	;RP1=0, select bank1
  1026     006E  1489               	bsf	9,1	;volatile
  1027     006F                     l1006:
  1028                           
  1029                           ;ADC_Library.c: 55:         ADCON0bits.CHS = 0b0110;
  1030     006F  1283               	bcf	3,5	;RP0=0, select bank0
  1031     0070  1303               	bcf	3,6	;RP1=0, select bank0
  1032     0071  081F               	movf	31,w	;volatile
  1033     0072  39C3               	andlw	-61
  1034     0073  3818               	iorlw	24
  1035     0074  009F               	movwf	31	;volatile
  1036                           
  1037                           ;ADC_Library.c: 56:         break;
  1038     0075  28A6               	goto	l1016
  1039     0076                     l163:	
  1040                           ;ADC_Library.c: 57:     case 7:
  1041                           
  1042                           
  1043                           ;ADC_Library.c: 58:         ANSELbits.ANS7 = 1;
  1044     0076  1683               	bsf	3,5	;RP0=1, select bank3
  1045     0077  1703               	bsf	3,6	;RP1=1, select bank3
  1046     0078  1788               	bsf	8,7	;volatile
  1047                           
  1048                           ;ADC_Library.c: 59:         TRISEbits.TRISE2 = 1;
  1049     0079  1683               	bsf	3,5	;RP0=1, select bank1
  1050     007A  1303               	bcf	3,6	;RP1=0, select bank1
  1051     007B  1509               	bsf	9,2	;volatile
  1052     007C                     l1008:
  1053                           
  1054                           ;ADC_Library.c: 60:         ADCON0bits.CHS = 0b0111;
  1055     007C  1283               	bcf	3,5	;RP0=0, select bank0
  1056     007D  1303               	bcf	3,6	;RP1=0, select bank0
  1057     007E  081F               	movf	31,w	;volatile
  1058     007F  39C3               	andlw	-61
  1059     0080  381C               	iorlw	28
  1060     0081  009F               	movwf	31	;volatile
  1061                           
  1062                           ;ADC_Library.c: 61:         break;
  1063     0082  28A6               	goto	l1016
  1064     0083                     l1010:
  1065                           
  1066                           ;ADC_Library.c: 63:         ANSEL = 0;
  1067     0083  1683               	bsf	3,5	;RP0=1, select bank3
  1068     0084  1703               	bsf	3,6	;RP1=1, select bank3
  1069     0085  0188               	clrf	8	;volatile
  1070                           
  1071                           ;ADC_Library.c: 65:         break;
  1072     0086  28A6               	goto	l1016
  1073     0087                     l1014:
  1074                           
  1075                           ; Switch on 2 bytes has been partitioned into a top level switch of size 1, and 1 sub-sw
      +                          itches
  1076                           ; Switch size 1, requested type "simple"
  1077                           ; Number of cases is 1, Range of values is 0 to 0
  1078                           ; switch strategies available:
  1079                           ; Name         Instructions Cycles
  1080                           ; simple_byte            4     3 (average)
  1081                           ; direct_byte           11     8 (fixed)
  1082                           ; jumptable            260     6 (fixed)
  1083                           ;	Chosen strategy is simple_byte
  1084     0087  0874               	movf	adc_init@channel+1,w
  1085     0088  3A00               	xorlw	0	; case 0
  1086     0089  1903               	skipnz
  1087     008A  288C               	goto	l1090
  1088     008B  2883               	goto	l1010
  1089     008C                     l1090:
  1090                           
  1091                           ; Switch size 1, requested type "simple"
  1092                           ; Number of cases is 8, Range of values is 0 to 7
  1093                           ; switch strategies available:
  1094                           ; Name         Instructions Cycles
  1095                           ; simple_byte           25    13 (average)
  1096                           ; direct_byte           32     8 (fixed)
  1097                           ; jumptable            260     6 (fixed)
  1098                           ;	Chosen strategy is simple_byte
  1099     008C  0873               	movf	adc_init@channel,w
  1100     008D  3A00               	xorlw	0	; case 0
  1101     008E  1903               	skipnz
  1102     008F  281D               	goto	l155
  1103     0090  3A01               	xorlw	1	; case 1
  1104     0091  1903               	skipnz
  1105     0092  2828               	goto	l157
  1106     0093  3A03               	xorlw	3	; case 2
  1107     0094  1903               	skipnz
  1108     0095  2835               	goto	l158
  1109     0096  3A01               	xorlw	1	; case 3
  1110     0097  1903               	skipnz
  1111     0098  2842               	goto	l159
  1112     0099  3A07               	xorlw	7	; case 4
  1113     009A  1903               	skipnz
  1114     009B  284F               	goto	l160
  1115     009C  3A01               	xorlw	1	; case 5
  1116     009D  1903               	skipnz
  1117     009E  285C               	goto	l161
  1118     009F  3A03               	xorlw	3	; case 6
  1119     00A0  1903               	skipnz
  1120     00A1  2869               	goto	l162
  1121     00A2  3A01               	xorlw	1	; case 7
  1122     00A3  1903               	skipnz
  1123     00A4  2876               	goto	l163
  1124     00A5  2883               	goto	l1010
  1125     00A6                     l1016:
  1126                           
  1127                           ;ADC_Library.c: 69:     ADCON0bits.ADCS = 0b10;
  1128     00A6  1283               	bcf	3,5	;RP0=0, select bank0
  1129     00A7  1303               	bcf	3,6	;RP1=0, select bank0
  1130     00A8  081F               	movf	31,w	;volatile
  1131     00A9  393F               	andlw	-193
  1132     00AA  3880               	iorlw	128
  1133     00AB  009F               	movwf	31	;volatile
  1134     00AC                     l1018:
  1135                           
  1136                           ;ADC_Library.c: 70:     ADCON1bits.ADFM = 0;
  1137     00AC  1683               	bsf	3,5	;RP0=1, select bank1
  1138     00AD  1303               	bcf	3,6	;RP1=0, select bank1
  1139     00AE  139F               	bcf	31,7	;volatile
  1140     00AF                     l1020:
  1141                           
  1142                           ;ADC_Library.c: 71:     ADCON1bits.VCFG0 = 0;
  1143     00AF  121F               	bcf	31,4	;volatile
  1144     00B0                     l1022:
  1145                           
  1146                           ;ADC_Library.c: 72:     ADCON1bits.VCFG1 = 0;
  1147     00B0  129F               	bcf	31,5	;volatile
  1148     00B1                     l1024:
  1149                           
  1150                           ;ADC_Library.c: 73:     ADCON0bits.ADON = 1;
  1151     00B1  1283               	bcf	3,5	;RP0=0, select bank0
  1152     00B2  1303               	bcf	3,6	;RP1=0, select bank0
  1153     00B3  141F               	bsf	31,0	;volatile
  1154     00B4                     l1026:
  1155                           
  1156                           ;ADC_Library.c: 74:     ADIF = 0;
  1157     00B4  130C               	bcf	12,6	;volatile
  1158     00B5                     l1028:
  1159                           
  1160                           ;ADC_Library.c: 75:     _delay((unsigned long)((5)*(8000000/4000.0)));
  1161     00B5  300D               	movlw	13
  1162     00B6  00F6               	movwf	??_adc_init+1
  1163     00B7  30FB               	movlw	251
  1164     00B8  00F5               	movwf	??_adc_init
  1165     00B9                     u187:
  1166     00B9  0BF5               	decfsz	??_adc_init,f
  1167     00BA  28B9               	goto	u187
  1168     00BB  0BF6               	decfsz	??_adc_init+1,f
  1169     00BC  28B9               	goto	u187
  1170     00BD  28BE               	nop2
  1171     00BE                     l165:
  1172     00BE  0008               	return
  1173     00BF                     __end_of_adc_init:
  1174                           
  1175                           	psect	text5
  1176     00BF                     __ptext5:	
  1177 ;; *************** function _isr *****************
  1178 ;; Defined at:
  1179 ;;		line 51 in file "main.c"
  1180 ;; Parameters:    Size  Location     Type
  1181 ;;		None
  1182 ;; Auto vars:     Size  Location     Type
  1183 ;;		None
  1184 ;; Return value:  Size  Location     Type
  1185 ;;                  1    wreg      void 
  1186 ;; Registers used:
  1187 ;;		wreg
  1188 ;; Tracked objects:
  1189 ;;		On entry : 0/0
  1190 ;;		On exit  : 0/0
  1191 ;;		Unchanged: 0/0
  1192 ;; Data sizes:     COMMON   BANK0   BANK1   BANK3   BANK2
  1193 ;;      Params:         0       0       0       0       0
  1194 ;;      Locals:         0       0       0       0       0
  1195 ;;      Temps:          3       0       0       0       0
  1196 ;;      Totals:         3       0       0       0       0
  1197 ;;Total ram usage:        3 bytes
  1198 ;; Hardware stack levels used: 1
  1199 ;; This function calls:
  1200 ;;		Nothing
  1201 ;; This function is called by:
  1202 ;;		Interrupt level 1
  1203 ;; This function uses a non-reentrant model
  1204 ;;
  1205                           
  1206     00BF                     _isr:	
  1207                           ;psect for function _isr
  1208                           
  1209     00BF                     i1l892:
  1210                           
  1211                           ;main.c: 52:     if (PIR1bits.ADIF){
  1212     00BF  1283               	bcf	3,5	;RP0=0, select bank0
  1213     00C0  1303               	bcf	3,6	;RP1=0, select bank0
  1214     00C1  1F0C               	btfss	12,6	;volatile
  1215     00C2  28C4               	goto	u6_21
  1216     00C3  28C5               	goto	u6_20
  1217     00C4                     u6_21:
  1218     00C4  28C8               	goto	i1l898
  1219     00C5                     u6_20:
  1220     00C5                     i1l894:
  1221                           
  1222                           ;main.c: 53:         PORTB = ADRESH;
  1223     00C5  081E               	movf	30,w	;volatile
  1224     00C6  0086               	movwf	6	;volatile
  1225     00C7                     i1l896:
  1226                           
  1227                           ;main.c: 54:         PIR1bits.ADIF = 0;
  1228     00C7  130C               	bcf	12,6	;volatile
  1229     00C8                     i1l898:
  1230                           
  1231                           ;main.c: 57:    if(PIR1bits.SSPIF == 1){
  1232     00C8  1D8C               	btfss	12,3	;volatile
  1233     00C9  28CB               	goto	u7_21
  1234     00CA  28CC               	goto	u7_20
  1235     00CB                     u7_21:
  1236     00CB  291C               	goto	i1l118
  1237     00CC                     u7_20:
  1238     00CC                     i1l900:
  1239                           
  1240                           ;main.c: 59:         SSPCONbits.CKP = 0;
  1241     00CC  1214               	bcf	20,4	;volatile
  1242                           
  1243                           ;main.c: 61:         if ((SSPCONbits.SSPOV) || (SSPCONbits.WCOL)){
  1244     00CD  1B14               	btfsc	20,6	;volatile
  1245     00CE  28D0               	goto	u8_21
  1246     00CF  28D1               	goto	u8_20
  1247     00D0                     u8_21:
  1248     00D0  28D5               	goto	i1l904
  1249     00D1                     u8_20:
  1250     00D1                     i1l902:
  1251     00D1  1F94               	btfss	20,7	;volatile
  1252     00D2  28D4               	goto	u9_21
  1253     00D3  28D5               	goto	u9_20
  1254     00D4                     u9_21:
  1255     00D4  28DA               	goto	i1l912
  1256     00D5                     u9_20:
  1257     00D5                     i1l904:
  1258                           
  1259                           ;main.c: 62:             z = SSPBUF;
  1260     00D5  0813               	movf	19,w	;volatile
  1261     00D6  00F8               	movwf	_z
  1262     00D7                     i1l906:
  1263                           
  1264                           ;main.c: 63:             SSPCONbits.SSPOV = 0;
  1265     00D7  1314               	bcf	20,6	;volatile
  1266     00D8                     i1l908:
  1267                           
  1268                           ;main.c: 64:             SSPCONbits.WCOL = 0;
  1269     00D8  1394               	bcf	20,7	;volatile
  1270     00D9                     i1l910:
  1271                           
  1272                           ;main.c: 65:             SSPCONbits.CKP = 1;
  1273     00D9  1614               	bsf	20,4	;volatile
  1274     00DA                     i1l912:
  1275                           
  1276                           ;main.c: 68:         if(!SSPSTATbits.D_nA && !SSPSTATbits.R_nW) {
  1277     00DA  1683               	bsf	3,5	;RP0=1, select bank1
  1278     00DB  1303               	bcf	3,6	;RP1=0, select bank1
  1279     00DC  1A94               	btfsc	20,5	;volatile
  1280     00DD  28DF               	goto	u10_21
  1281     00DE  28E0               	goto	u10_20
  1282     00DF                     u10_21:
  1283     00DF  28FA               	goto	i1l109
  1284     00E0                     u10_20:
  1285     00E0                     i1l914:
  1286     00E0  1914               	btfsc	20,2	;volatile
  1287     00E1  28E3               	goto	u11_21
  1288     00E2  28E4               	goto	u11_20
  1289     00E3                     u11_21:
  1290     00E3  28FA               	goto	i1l109
  1291     00E4                     u11_20:
  1292     00E4                     i1l916:
  1293                           
  1294                           ;main.c: 70:             z = SSPBUF;
  1295     00E4  1283               	bcf	3,5	;RP0=0, select bank0
  1296     00E5  1303               	bcf	3,6	;RP1=0, select bank0
  1297     00E6  0813               	movf	19,w	;volatile
  1298     00E7  00F8               	movwf	_z
  1299     00E8                     i1l918:
  1300                           
  1301                           ;main.c: 72:             PIR1bits.SSPIF = 0;
  1302     00E8  118C               	bcf	12,3	;volatile
  1303     00E9                     i1l920:
  1304                           
  1305                           ;main.c: 73:             SSPCONbits.CKP = 1;
  1306     00E9  1614               	bsf	20,4	;volatile
  1307     00EA                     i1l110:	
  1308                           ;main.c: 74:             while(!SSPSTATbits.BF);
  1309                           
  1310     00EA  1683               	bsf	3,5	;RP0=1, select bank1
  1311     00EB  1303               	bcf	3,6	;RP1=0, select bank1
  1312     00EC  1C14               	btfss	20,0	;volatile
  1313     00ED  28EF               	goto	u12_21
  1314     00EE  28F0               	goto	u12_20
  1315     00EF                     u12_21:
  1316     00EF  28EA               	goto	i1l110
  1317     00F0                     u12_20:
  1318     00F0                     i1l922:
  1319                           
  1320                           ;main.c: 75:             PORTD = SSPBUF;
  1321     00F0  1283               	bcf	3,5	;RP0=0, select bank0
  1322     00F1  1303               	bcf	3,6	;RP1=0, select bank0
  1323     00F2  0813               	movf	19,w	;volatile
  1324     00F3  0088               	movwf	8	;volatile
  1325                           
  1326                           ;main.c: 76:             _delay((unsigned long)((250)*(8000000/4000000.0)));
  1327     00F4  30A6               	movlw	166
  1328     00F5  00F0               	movwf	??_isr
  1329     00F6                     u19_27:
  1330     00F6  0BF0               	decfsz	??_isr,f
  1331     00F7  28F6               	goto	u19_27
  1332     00F8  0000               	nop
  1333                           
  1334                           ;main.c: 78:         }else if(!SSPSTATbits.D_nA && SSPSTATbits.R_nW){
  1335     00F9  2919               	goto	i1l113
  1336     00FA                     i1l109:
  1337     00FA  1A94               	btfsc	20,5	;volatile
  1338     00FB  28FD               	goto	u13_21
  1339     00FC  28FE               	goto	u13_20
  1340     00FD                     u13_21:
  1341     00FD  2919               	goto	i1l113
  1342     00FE                     u13_20:
  1343     00FE                     i1l924:
  1344     00FE  1D14               	btfss	20,2	;volatile
  1345     00FF  2901               	goto	u14_21
  1346     0100  2902               	goto	u14_20
  1347     0101                     u14_21:
  1348     0101  2919               	goto	i1l113
  1349     0102                     u14_20:
  1350     0102                     i1l926:
  1351                           
  1352                           ;main.c: 79:             z = SSPBUF;
  1353     0102  1283               	bcf	3,5	;RP0=0, select bank0
  1354     0103  1303               	bcf	3,6	;RP1=0, select bank0
  1355     0104  0813               	movf	19,w	;volatile
  1356     0105  00F8               	movwf	_z
  1357     0106                     i1l928:
  1358                           
  1359                           ;main.c: 80:             BF = 0;
  1360     0106  1683               	bsf	3,5	;RP0=1, select bank1
  1361     0107  1303               	bcf	3,6	;RP1=0, select bank1
  1362     0108  1014               	bcf	20,0	;volatile
  1363                           
  1364                           ;main.c: 81:             SSPBUF = PORTB;
  1365     0109  1283               	bcf	3,5	;RP0=0, select bank0
  1366     010A  1303               	bcf	3,6	;RP1=0, select bank0
  1367     010B  0806               	movf	6,w	;volatile
  1368     010C  0093               	movwf	19	;volatile
  1369     010D                     i1l930:
  1370                           
  1371                           ;main.c: 82:             SSPCONbits.CKP = 1;
  1372     010D  1614               	bsf	20,4	;volatile
  1373                           
  1374                           ;main.c: 83:             _delay((unsigned long)((250)*(8000000/4000000.0)));
  1375     010E  30A6               	movlw	166
  1376     010F  00F0               	movwf	??_isr
  1377     0110                     u20_27:
  1378     0110  0BF0               	decfsz	??_isr,f
  1379     0111  2910               	goto	u20_27
  1380     0112  0000               	nop
  1381     0113                     i1l115:	
  1382                           ;main.c: 84:             while(SSPSTATbits.BF);
  1383                           
  1384     0113  1683               	bsf	3,5	;RP0=1, select bank1
  1385     0114  1303               	bcf	3,6	;RP1=0, select bank1
  1386     0115  1814               	btfsc	20,0	;volatile
  1387     0116  2918               	goto	u15_21
  1388     0117  2919               	goto	u15_20
  1389     0118                     u15_21:
  1390     0118  2913               	goto	i1l115
  1391     0119                     u15_20:
  1392     0119                     i1l113:
  1393                           
  1394                           ;main.c: 87:         PIR1bits.SSPIF = 0;
  1395     0119  1283               	bcf	3,5	;RP0=0, select bank0
  1396     011A  1303               	bcf	3,6	;RP1=0, select bank0
  1397     011B  118C               	bcf	12,3	;volatile
  1398     011C                     i1l118:
  1399     011C  0872               	movf	??_isr+2,w
  1400     011D  008A               	movwf	10
  1401     011E  0E71               	swapf	??_isr+1,w
  1402     011F  0083               	movwf	3
  1403     0120  0EFE               	swapf	btemp,f
  1404     0121  0E7E               	swapf	btemp,w
  1405     0122  0009               	retfie
  1406     0123                     __end_of_isr:
  1407     007E                     btemp	set	126	;btemp
  1408     007E                     wtemp0	set	126
  1409                           
  1410                           	psect	intentry
  1411     0004                     __pintentry:	
  1412                           ;incstack = 0
  1413                           ; Regs used in _isr: [wreg]
  1414                           
  1415     0004                     interrupt_function:
  1416     007E                     saved_w	set	btemp
  1417     0004  00FE               	movwf	btemp
  1418     0005  0E03               	swapf	3,w
  1419     0006  00F1               	movwf	??_isr+1
  1420     0007  080A               	movf	10,w
  1421     0008  00F2               	movwf	??_isr+2
  1422     0009  120A  118A  28BF   	ljmp	_isr
  1423                           
  1424                           	psect	idloc
  1425                           
  1426                           ;Config register IDLOC0 @ 0x2000
  1427                           ;	unspecified, using default values
  1428     2000                     	org	8192
  1429     2000  3FFF               	dw	16383
  1430                           
  1431                           ;Config register IDLOC1 @ 0x2001
  1432                           ;	unspecified, using default values
  1433     2001                     	org	8193
  1434     2001  3FFF               	dw	16383
  1435                           
  1436                           ;Config register IDLOC2 @ 0x2002
  1437                           ;	unspecified, using default values
  1438     2002                     	org	8194
  1439     2002  3FFF               	dw	16383
  1440                           
  1441                           ;Config register IDLOC3 @ 0x2003
  1442                           ;	unspecified, using default values
  1443     2003                     	org	8195
  1444     2003  3FFF               	dw	16383
  1445                           
  1446                           	psect	config
  1447                           
  1448                           ;Config register CONFIG1 @ 0x2007
  1449                           ;	Oscillator Selection bits
  1450                           ;	FOSC = INTRC_NOCLKOUT, INTOSCIO oscillator: I/O function on RA6/OSC2/CLKOUT pin, I/O f
      +                          unction on RA7/OSC1/CLKIN
  1451                           ;	Watchdog Timer Enable bit
  1452                           ;	WDTE = OFF, WDT disabled and can be enabled by SWDTEN bit of the WDTCON register
  1453                           ;	Power-up Timer Enable bit
  1454                           ;	PWRTE = OFF, PWRT disabled
  1455                           ;	RE3/MCLR pin function select bit
  1456                           ;	MCLRE = OFF, RE3/MCLR pin function is digital input, MCLR internally tied to VDD
  1457                           ;	Code Protection bit
  1458                           ;	CP = OFF, Program memory code protection is disabled
  1459                           ;	Data Code Protection bit
  1460                           ;	CPD = OFF, Data memory code protection is disabled
  1461                           ;	Brown Out Reset Selection bits
  1462                           ;	BOREN = OFF, BOR disabled
  1463                           ;	Internal External Switchover bit
  1464                           ;	IESO = OFF, Internal/External Switchover mode is disabled
  1465                           ;	Fail-Safe Clock Monitor Enabled bit
  1466                           ;	FCMEN = OFF, Fail-Safe Clock Monitor is disabled
  1467                           ;	Low Voltage Programming Enable bit
  1468                           ;	LVP = OFF, RB3 pin has digital I/O, HV on MCLR must be used for programming
  1469                           ;	In-Circuit Debugger Mode bit
  1470                           ;	DEBUG = 0x1, unprogramme  1471     2007                     	org	8199
  1472     2007  20D4               	dw	8404
  1473                           
  1474                           ;Config register CONFIG2 @ 0x2008
  1475                           ;	Brown-out Reset Selection bit
  1476                           ;	BOR4V = BOR40V, Brown-out Reset set to 4.0V
  1477                           ;	Flash Program Memory Self Write Enable bits
  1478                           ;	WRT = OFF, Write protection off
  1479     2008                     	org	8200
  1480     2008  3FFF               	dw	16383

Data Sizes:
    Strings     0
    Constant    0
    Data        0
    BSS         2
    Persistent  0
    Stack       0

Auto Spaces:
    Space          Size  Autos    Used
    COMMON           14      7       9
    BANK0            80      3       3
    BANK1            80      0       0
    BANK3            96      0       0
    BANK2            96      0       0

Pointer List with Targets:

    None.

Critical Paths under _main in COMMON

    _main->_adc_init
    _setup->_I2C_Slave_Init

Critical Paths under _isr in COMMON

    None.

Critical Paths under _main in BANK0

    None.

Critical Paths under _isr in BANK0

    None.

Critical Paths under _main in BANK1

    None.

Critical Paths under _isr in BANK1

    None.

Critical Paths under _main in BANK3

    None.

Critical Paths under _isr in BANK3

    None.

Critical Paths under _main in BANK2

    None.

Critical Paths under _isr in BANK2

    None.

Call Graph Tables:

 ---------------------------------------------------------------------------------
 (Depth) Function   	        Calls       Base Space   Used Autos Params    Refs
 ---------------------------------------------------------------------------------
 (0) _main                                                 3     3      0     113
                                              0 BANK0      3     3      0
                           _adc_init
                           _adc_read
                              _setup
 ---------------------------------------------------------------------------------
 (1) _setup                                                0     0      0      15
                     _I2C_Slave_Init
 ---------------------------------------------------------------------------------
 (2) _I2C_Slave_Init                                       1     1      0      15
                                              3 COMMON     1     1      0
 ---------------------------------------------------------------------------------
 (1) _adc_read                                             2     2      0       0
                                              3 COMMON     2     2      0
 ---------------------------------------------------------------------------------
 (1) _adc_init                                             4     2      2      98
                                              3 COMMON     4     2      2
 ---------------------------------------------------------------------------------
 Estimated maximum stack depth 2
 ---------------------------------------------------------------------------------
 (Depth) Function   	        Calls       Base Space   Used Autos Params    Refs
 ---------------------------------------------------------------------------------
 (3) _isr                                                  3     3      0       0
                                              0 COMMON     3     3      0
 ---------------------------------------------------------------------------------
 Estimated maximum stack depth 3
 ---------------------------------------------------------------------------------

 Call Graph Graphs:

 _main (ROOT)
   _adc_init
   _adc_read
   _setup
     _I2C_Slave_Init

 _isr (ROOT)

 Address spaces:
Name               Size   Autos  Total    Cost      Usage
BITCOMMON            E      0       0       0        0.0%
EEDATA             100      0       0       0        0.0%
NULL                 0      0       0       0        0.0%
CODE                 0      0       0       0        0.0%
COMMON               E      7       9       1       64.3%
BITSFR0              0      0       0       1        0.0%
SFR0                 0      0       0       1        0.0%
BITSFR1              0      0       0       2        0.0%
SFR1                 0      0       0       2        0.0%
STACK                0      0       0       2        0.0%
ABS                  0      0       C       3        0.0%
BITBANK0            50      0       0       4        0.0%
BITSFR3              0      0       0       4        0.0%
SFR3                 0      0       0       4        0.0%
BANK0               50      3       3       5        3.8%
BITSFR2              0      0       0       5        0.0%
SFR2                 0      0       0       5        0.0%
BITBANK1            50      0       0       6        0.0%
BANK1               50      0       0       7        0.0%
BITBANK3            60      0       0       8        0.0%
BANK3               60      0       0       9        0.0%
BITBANK2            60      0       0      10        0.0%
BANK2               60      0       0      11        0.0%
DATA                 0      0       C      12        0.0%


Microchip Technology PIC Macro Assembler V2.40 build 20220703182018 
Symbol Table                                                                                   Mon Aug 07 13:56:01 2023

                      _z 0078              _SSPSTATbits 0094                       _BF 04A0  
                     l55 017A                       u30 0181                       u31 0180  
                    l160 004F                      l161 005C                      l129 0160  
                    l162 0069                      l163 0076                      l155 001D  
                    l165 00BE                      l157 0028                      l158 0035  
                    l159 0042                      l169 018B                      l800 0159  
                    l802 015A                      l850 0182                      l780 0170  
                    l846 017B                      l790 0177                      l782 0171  
                    l848 0181                      l784 0172                      l786 0173  
                    l778 0162                      l788 0174                      l796 0147  
                    l798 0155                      l992 0015                      l994 0023  
                    _GIE 005F                      l996 002E                      l998 003B  
                    u167 013D                      u177 0186                      u187 00B9  
                    _isr 00BF                     l1000 0048                     l1010 0083  
                   l1002 0055                     l1020 00AF                     l1004 0062  
                   l1022 00B0                     l1006 006F                     l1014 0087  
                   l1024 00B1                     l1008 007C                     l1016 00A6  
                   l1026 00B4                     l1018 00AC                     l1028 00B5  
                   l1062 0123                     l1064 0128                     l1090 008C  
                   l1066 0130                     l1068 0135                     _ADIF 0066  
                   ?_isr 0070                     _PEIE 005E                     u6_20 00C5  
                   u6_21 00C4                     u7_20 00CC                     u7_21 00CB  
                   u8_20 00D1                     u8_21 00D0                     u9_20 00D5  
                   u9_21 00D4                     _dato 0077                     _main 0123  
                   btemp 007E                     start 000C                    ??_isr 0070  
                  ?_main 0070                    _ANSEL 0188                    i1l110 00EA  
                  i1l113 0119                    i1l115 0113                    i1l109 00FA  
                  i1l118 011C                    i1l900 00CC                    i1l910 00D9  
                  i1l902 00D1                    i1l920 00E9                    i1l912 00DA  
                  i1l904 00D5                    i1l930 010D                    i1l922 00F0  
                  i1l914 00E0                    i1l906 00D7                    i1l924 00FE  
                  i1l916 00E4                    i1l908 00D8                    i1l926 0102  
                  i1l918 00E8                    i1l928 0106                    i1l892 00BF  
                  i1l894 00C5                    i1l896 00C7                    i1l898 00C8  
                  u10_20 00E0                    u10_21 00DF                    u11_20 00E4  
                  u11_21 00E3                    u12_20 00F0                    u12_21 00EF  
                  u20_27 0110                    u13_20 00FE                    u13_21 00FD  
                  u14_20 0102                    u14_21 0101                    u15_20 0119  
                  u15_21 0118                    _PORTA 0005                    _PORTB 0006  
                  _PORTD 0008                    u19_27 00F6                    _TRISA 0085  
                  _TRISB 0086                    _TRISD 0088                    _SSPIE 0463  
                  _SSPIF 0063                    _setup 0147                    pclath 000A  
                  status 0003                    wtemp0 007E          __initialization 000F  
           __end_of_main 0147                   ??_main 0020                   _ADRESH 001E  
                 ?_setup 0070                   _ANSELH 0189         __end_of_adc_init 00BF  
       __end_of_adc_read 018C                   _SSPADD 0093                   _TRISC3 043B  
                 _TRISC4 043C                   _SSPCON 0014                   _SSPBUF 0013  
                 saved_w 007E  __end_of__initialization 0011           __pcstackCOMMON 0070  
          __end_of_setup 0161                  ??_setup 0074    I2C_Slave_Init@address 0073  
             __pmaintext 0123               __pintentry 0004                ?_adc_init 0073  
              ?_adc_read 0070                  _SSPCON2 0091                  _SSPSTAT 0094  
              _ANSELbits 0188               ??_adc_init 0075               ??_adc_read 0073  
                __ptext1 0147                  __ptext2 0161                  __ptext3 017B  
                __ptext4 0015                  __ptext5 00BF     end_of_initialization 0011  
         _I2C_Slave_Init 0161                _TRISAbits 0085                _TRISCbits 0087  
              _TRISEbits 0089   __end_of_I2C_Slave_Init 017B      start_initialization 000F  
            __end_of_isr 0123          ?_I2C_Slave_Init 0070          adc_init@channel 0073  
            __pbssCOMMON 0077                ___latbits 0002            __pcstackBANK0 0020  
      interrupt_function 0004                 _PIE1bits 008C                 _PIR1bits 000C  
             _ADCON0bits 001F               _ADCON1bits 009F                 _adc_init 0015  
               _adc_read 017B         ??_I2C_Slave_Init 0073               _INTCONbits 000B  
               intlevel1 0000               _OSCCONbits 008F              _SSPCON2bits 0091  
             _SSPCONbits 0014  
